Build started 26.02.2016 10:41:58.
     1>Project "C:\Users\stud2015\Desktop\laba\d-kycha\sln\d-kycha\tests\tests.vcxproj" on node 2 (build target(s)).
     1>InitializeBuildStatus:
         Touching "Debug\tests.unsuccessfulbuild".
       ClCompile:
         C:\Program Files (x86)\Microsoft Visual Studio 10.0\VC\bin\CL.exe /c /I../../../include /I../../../gtest /ZI /nologo /W3 /WX- /Od /Oy- /D _MBCS /Gm /EHsc /RTC1 /MDd /GS /fp:precise /Zc:wchar_t /Zc:forScope /Fo"Debug\\" /Fd"Debug\vc100.pdb" /Gd /TP /analyze- /errorReport:prompt "..\..\..\test\test_d-kychi.cpp"
         test_d-kychi.cpp
     1>c:\program files (x86)\microsoft visual studio 10.0\vc\include\memory(16): error C2143: syntax error : missing ';' before 'namespace'
     1>c:\users\stud2015\desktop\laba\d-kycha\test\test_d-kychi.cpp(8): warning C4002: too many actual parameters for macro 'ASSERT_NO_THROW'
     1>Done Building Project "C:\Users\stud2015\Desktop\laba\d-kycha\sln\d-kycha\tests\tests.vcxproj" (build target(s)) -- FAILED.

Build FAILED.

Time Elapsed 00:00:00.82
