Build started 08.04.2016 11:54:43.
     1>Project "C:\Users\stud2015\Desktop\laba\d-kycha\sln\tests\tests.vcxproj" on node 2 (Build target(s)).
     1>InitializeBuildStatus:
         Creating "Debug\tests.unsuccessfulbuild" because "AlwaysCreate" was specified.
       ClCompile:
         C:\Program Files (x86)\Microsoft Visual Studio 11.0\VC\bin\CL.exe /c /I..\..\gtest /I..\..\include /I..\..\src /ZI /nologo /W3 /WX- /sdl /Od /Oy- /D _VARIADIC_MAX=10 /D _MBCS /Gm /EHsc /RTC1 /MDd /GS /Zc:wchar_t /Zc:forScope /Fo"Debug\\" /Fd"Debug\vc110.pdb" /Gd /TP /analyze- /errorReport:prompt ..\..\test\tests.cpp
         tests.cpp
     1>c:\users\stud2015\desktop\laba\d-kycha\include\queue.h(66): error C2244: 'HQueue<HType>::push' : unable to match function definition to an existing declaration
                 c:\users\stud2015\desktop\laba\d-kycha\include\queue.h(22) : see declaration of 'HQueue<HType>::push'
                 definition
                 'void HQueue<HType>::push(const DHeap<HType> &,int)'
                 existing declarations
                 'void HQueue<HType>::push(const DHeap<HType> *&,int)'
     1>Done Building Project "C:\Users\stud2015\Desktop\laba\d-kycha\sln\tests\tests.vcxproj" (Build target(s)) -- FAILED.

Build FAILED.

Time Elapsed 00:00:01.07
